<?xml version="1.0" encoding="UTF-8"?>
<!-- Generated by org.testng.reporters.JUnitReportReporter -->
<testsuite hostname="DESKTOP-8BJLTDD" failures="0" tests="1" name="testcases.Baseclass" time="127.740" errors="0" timestamp="2022-07-03T15:24:45 IST" skipped="0">
  <testcase classname="testcases.Baseclass" name="enterlogindata" time="127.740"/>
  <system-out>
    <![CDATA[test passed]]>
  </system-out>
</testsuite> <!-- testcases.Baseclass -->
