<?xml version="1.0" encoding="UTF-8"?>
<!-- Generated by org.testng.reporters.JUnitReportReporter -->
<testsuite hostname="DESKTOP-8BJLTDD" failures="0" tests="1" name="testcases.TC_log" time="112.002" errors="0" timestamp="2022-07-03T15:54:11 IST" skipped="0">
  <testcase classname="testcases.TC_log" name="enterlogindata" time="112.002"/>
  <system-out>
    <![CDATA[test passed]]>
  </system-out>
</testsuite> <!-- testcases.TC_log -->
